<?xml version="1.0" encoding="UTF-8"?>
<testsuite xmlns:xsi="http://www.w3.org/2001/XMLSchema-instance" xsi:noNamespaceSchemaLocation="https://maven.apache.org/surefire/maven-surefire-plugin/xsd/surefire-test-report-3.0.xsd" version="3.0" name="org.example.RunTest" time="20.416" tests="4" errors="0" skipped="0" failures="0">
  <properties>
[...]
</properties>
  <testcase name="Проверяем подлинность сайта" classname="Пользователь хочет взять кредит" time="4.776">
    <system-out><![CDATA[
@moneytaker @step1
Сценарий: Проверяем подлинность сайта               &amp#27;[90m# src/test/resources/features/UserSteps.feature:7&amp#27;[0m
Пользователь находится на главной странице https://alfabank.ru/
-Загрузка сайта-
  &amp#27;[32mДано &amp#27;[0m&amp#27;[32mПользователь находится на главной странице&amp#27;[0m   &amp#27;[90m# org.example.PageMain.userOnMainPage()&amp#27;[0m
Пользователь проверяет подлинность сайта
  &amp#27;[32mКогда &amp#27;[0m&amp#27;[32mПользователь нажимает кнопу "Реквизиты"&amp#27;[0m     &amp#27;[90m# org.example.PageMain.userClickRequisitesButton()&amp#27;[0m
-Загрузка сайта-
Реквизиты банка корректные
  &amp#27;[32mТогда &amp#27;[0m&amp#27;[32mПользователь подтверждает подлинность сайта&amp#27;[0m &amp#27;[90m# org.example.PageRequisites.userConfirmsCorrectWebsite()&amp#27;[0m
]]></system-out>
    <system-err><![CDATA[SLF4J: Failed to load class "org.slf4j.impl.StaticLoggerBinder".
SLF4J: Defaulting to no-operation (NOP) logger implementation
SLF4J: See http://www.slf4j.org/codes.html#StaticLoggerBinder for further details.
февр. 11, 2024 12:29:19 AM org.openqa.selenium.devtools.CdpVersionFinder findNearestMatch
WARNING: Unable to find an exact match for CDP version 121, returning the closest version; found: 120; Please update to a Selenium version that supports CDP version 121
]]></system-err>
  </testcase>
  <testcase name="Пользователь решает взять кредит" classname="Пользователь хочет взять кредит" time="3.591">
    <system-out><![CDATA[
@moneytaker @step2
Сценарий: Пользователь решает взять кредит                                         &amp#27;[90m# src/test/resources/features/UserSteps.feature:13&amp#27;[0m
-Загрузка сайта-
После проверки реквизитов, пользователь вернулся на главную страницу https://alfabank.ru/
  &amp#27;[32mДано &amp#27;[0m&amp#27;[32mПользователь находится на главной странице после проверки подлинности сайта&amp#27;[0m &amp#27;[90m# org.example.PageMain.userOnMainPageAfterWebsiteCheck()&amp#27;[0m
Пользователь переходит на вкладку "Кредиты"
  &amp#27;[32mКогда &amp#27;[0m&amp#27;[32mПользователь нажимает кнопку "Кредиты"&amp#27;[0m                                     &amp#27;[90m# org.example.PageMain.userClickLoanButton()&amp#27;[0m
-Загрузка сайта-
Пользователь находится на вкладке "Кредиты"
  &amp#27;[32mТогда &amp#27;[0m&amp#27;[32mПользователь находится на вкладке "Кредиты"&amp#27;[0m                                &amp#27;[90m# org.example.PageLoan.userOnPageLoan()&amp#27;[0m
]]></system-out>
  </testcase>
  <testcase name="Пользователь выбирает кредит наличными" classname="Пользователь хочет взять кредит" time="5.518">
    <system-out><![CDATA[
@moneytaker @step3
Сценарий: Пользователь выбирает кредит наличными                              &amp#27;[90m# src/test/resources/features/UserSteps.feature:19&amp#27;[0m
Пользователь выбрал наличку
  &amp#27;[32mДано &amp#27;[0m&amp#27;[32mПользоватекль определяется с видом кредита и выбирает кредит наличными&amp#27;[0m &amp#27;[90m# org.example.PageLoan.userChoosesCash()&amp#27;[0m
Пользователь переходит к оформлению заявки
  &amp#27;[32mКогда &amp#27;[0m&amp#27;[32mПользователь нажимает кнопку "Оформить кредит"&amp#27;[0m                        &amp#27;[90m# org.example.PageLoan.userClickApplyButton()&amp#27;[0m
-Загрузка сайта-
  &amp#27;[32mТогда &amp#27;[0m&amp#27;[32mПользователь вводит персональные данные&amp#27;[0m                               &amp#27;[90m# org.example.PageBasicInfoEnter.userEntersPersonalDeta()&amp#27;[0m
]]></system-out>
  </testcase>
  <testcase name="Пользователь находится на вкладке ввода личных данных" classname="Пользователь хочет взять кредит" time="1.328">
    <system-out><![CDATA[
@moneytaker @step4
Сценарий: Пользователь находится на вкладке ввода личных данных &amp#27;[90m# src/test/resources/features/UserSteps.feature:25&amp#27;[0m
Пользователь не помнит пароль от Госуслуг
  &amp#27;[32mДано &amp#27;[0m&amp#27;[32mПользователю задают дополнительные вопросы&amp#27;[0m               &amp#27;[90m# org.example.PagePrivateInfoEnter.userGetAddQuestions()&amp#27;[0m
-Загрузка сайта-
Пользователь недоволен необходимостью ввода персональных данных, таких как номер паспорта и дата рождения.
  &amp#27;[32mКогда &amp#27;[0m&amp#27;[32mПользователь отвечает на вопросы&amp#27;[0m                        &amp#27;[90m# org.example.PagePrivateInfoEnter.userReplyQuestions()&amp#27;[0m
Пользователь не находит возможности оставить онлайн-отзыв и решает воспользоваться услугами другого банка.
  &amp#27;[32mТогда &amp#27;[0m&amp#27;[32mПользователь решет оставить отзыв&amp#27;[0m                       &amp#27;[90m# org.example.PagePrivateInfoEnter.userLeavesFeedback()&amp#27;[0m
]]></system-out>
  </testcase>
</testsuite>